<?xml version="1.0" encoding="UTF-8"?>
<!-- Generated by org.testng.reporters.JUnitReportReporter -->
<testsuite hostname="Dell-Laptop-4th-Floor-room1" failures="0" tests="1" name="com.actitime.testscript.CustomerModule" time="13.986" errors="0" timestamp="2023-10-05T11:25:32 IST" skipped="0">
  <testcase classname="com.actitime.testscript.CustomerModule" name="testCreateCustomer" time="13.986">
    <system-out>
      <![CDATA[Create Customer]]>
    </system-out>
  </testcase> <!-- testCreateCustomer -->
  <system-out>
    <![CDATA[openBrowser
login
Create Customer
logout
closeBrowser]]>
  </system-out>
</testsuite> <!-- com.actitime.testscript.CustomerModule -->
